Using pre-set license
Built from '2020.3/staging' branch; Version is '2020.3.21f1 (a38c86f6690f) revision 10718342'; Using compiler version '192528614'; Build Type 'Release'
OS: 'Windows 10 Home; OS build 19043.1348; Version 2009; 64bit' Language: 'es' Physical Memory: 16314 MB
BatchMode: 1, IsHumanControllingUs: 0, StartBugReporterOnCrash: 0, Is64bit: 1, IsPro: 0

COMMAND LINE ARGUMENTS:
C:\Program Files\Unity\Hub\Editor\2020.3.21f1\Editor\Unity.exe
-adb2
-batchMode
-noUpm
-name
AssetImportWorker0
-projectPath
C:/Users/lalom/My project/My project
-logFile
Logs/AssetImportWorker0.log
-srvPort
55161
Successfully changed project path to: C:/Users/lalom/My project/My project
C:/Users/lalom/My project/My project
Using Asset Import Pipeline V2.
Refreshing native plugins compatible for Editor in 57.87 ms, found 2 plugins.
Preloading 0 native plugins for Editor in 0.00 ms.
Initialize engine version: 2020.3.21f1 (a38c86f6690f)
[Subsystems] Discovering subsystems at path C:/Program Files/Unity/Hub/Editor/2020.3.21f1/Editor/Data/Resources/UnitySubsystems
[Subsystems] Discovering subsystems at path C:/Users/lalom/My project/My project/Assets
GfxDevice: creating device client; threaded=0
Direct3D:
    Version:  Direct3D 11.0 [level 11.1]
    Renderer: AMD Radeon HD 7700 Series (ID=0x683d)
    Vendor:   
    VRAM:     1003 MB
    Driver:   27.20.1034.6
Initialize mono
Mono path[0] = 'C:/Program Files/Unity/Hub/Editor/2020.3.21f1/Editor/Data/Managed'
Mono path[1] = 'C:/Program Files/Unity/Hub/Editor/2020.3.21f1/Editor/Data/MonoBleedingEdge/lib/mono/unityjit'
Mono config path = 'C:/Program Files/Unity/Hub/Editor/2020.3.21f1/Editor/Data/MonoBleedingEdge/etc'
Using monoOptions --debugger-agent=transport=dt_socket,embedding=1,server=y,suspend=n,address=127.0.0.1:56064
Begin MonoManager ReloadAssembly
Registering precompiled unity dll's ...
Register platform support module: C:/Program Files/Unity/Hub/Editor/2020.3.21f1/Editor/Data/PlaybackEngines/WindowsStandaloneSupport/UnityEditor.WindowsStandalone.Extensions.dll
Registered in 0.002982 seconds.
Native extension for WindowsStandalone target not found
Refreshing native plugins compatible for Editor in 53.67 ms, found 2 plugins.
Preloading 0 native plugins for Editor in 0.00 ms.
Mono: successfully reloaded assembly
- Completed reload, in  1.723 seconds
Domain Reload Profiling:
	ReloadAssembly (1723ms)
		BeginReloadAssembly (78ms)
			ExecutionOrderSort (0ms)
			DisableScriptedObjects (0ms)
			BackupInstance (0ms)
			ReleaseScriptingObjects (0ms)
			CreateAndSetChildDomain (1ms)
		EndReloadAssembly (697ms)
			LoadAssemblies (74ms)
			RebuildTransferFunctionScriptingTraits (0ms)
			SetupTypeCache (247ms)
			ReleaseScriptCaches (0ms)
			RebuildScriptCaches (47ms)
			SetupLoadedEditorAssemblies (255ms)
				LogAssemblyErrors (0ms)
				InitializePlatformSupportModulesInManaged (5ms)
				SetLoadedEditorAssemblies (0ms)
				RefreshPlugins (54ms)
				BeforeProcessingInitializeOnLoad (23ms)
				ProcessInitializeOnLoadAttributes (128ms)
				ProcessInitializeOnLoadMethodAttributes (45ms)
				AfterProcessingInitializeOnLoad (0ms)
				EditorAssembliesLoaded (0ms)
			ExecutionOrderSort2 (0ms)
			AwakeInstancesAfterBackupRestoration (0ms)
Platform modules already initialized, skipping
Registering precompiled user dll's ...
Registered in 0.007735 seconds.
Begin MonoManager ReloadAssembly
Native extension for WindowsStandalone target not found
Refreshing native plugins compatible for Editor in 0.56 ms, found 2 plugins.
Preloading 0 native plugins for Editor in 0.00 ms.
Mono: successfully reloaded assembly
- Completed reload, in  1.539 seconds
Domain Reload Profiling:
	ReloadAssembly (1540ms)
		BeginReloadAssembly (263ms)
			ExecutionOrderSort (0ms)
			DisableScriptedObjects (7ms)
			BackupInstance (0ms)
			ReleaseScriptingObjects (0ms)
			CreateAndSetChildDomain (37ms)
		EndReloadAssembly (1184ms)
			LoadAssemblies (147ms)
			RebuildTransferFunctionScriptingTraits (0ms)
			SetupTypeCache (395ms)
			ReleaseScriptCaches (1ms)
			RebuildScriptCaches (63ms)
			SetupLoadedEditorAssemblies (456ms)
				LogAssemblyErrors (0ms)
				InitializePlatformSupportModulesInManaged (7ms)
				SetLoadedEditorAssemblies (1ms)
				RefreshPlugins (1ms)
				BeforeProcessingInitializeOnLoad (115ms)
				ProcessInitializeOnLoadAttributes (305ms)
				ProcessInitializeOnLoadMethodAttributes (14ms)
				AfterProcessingInitializeOnLoad (14ms)
				EditorAssembliesLoaded (0ms)
			ExecutionOrderSort2 (0ms)
			AwakeInstancesAfterBackupRestoration (13ms)
Platform modules already initialized, skipping
========================================================================
Worker process is ready to serve import requests
Launched and connected shader compiler UnityShaderCompiler.exe after 0.09 seconds
Refreshing native plugins compatible for Editor in 0.60 ms, found 2 plugins.
Preloading 0 native plugins for Editor in 0.00 ms.
Unloading 1536 Unused Serialized files (Serialized files now loaded: 0)
System memory in use before: 142.2 MB.
System memory in use after: 142.3 MB.

Unloading 20 unused Assets to reduce memory usage. Loaded Objects now: 1991.
Total: 4.205000 ms (FindLiveObjects: 0.255400 ms CreateObjectMapping: 0.152400 ms MarkObjects: 3.615600 ms  DeleteObjects: 0.179800 ms)

AssetImportParameters requested are different than current active one (requested -> active):
  custom:framework-win-MediaFoundation: 216162199b28c13a410421893ffa2e32 -> 
  custom:video-decoder-ogg-theora: a1e56fd34408186e4bbccfd4996cb3dc -> 
  custom:container-muxer-webm: aa71ff27fc2769a1b78a27578f13a17b -> 
  custom:container-demuxer-webm: 4f35f7cbe854078d1ac9338744f61a02 -> 
  custom:container-demuxer-ogg: 62fdf1f143b41e24485cea50d1cbac27 -> 
  custom:video-encoder-webm-vp8: eb34c28f22e8b96e1ab97ce403110664 -> 
  custom:video-decoder-webm-vp8: 9c59270c3fd7afecdb556c50c9e8de78 -> 
  custom:audio-decoder-ogg-vorbis: bf7c407c2cedff20999df2af8eb42d56 -> 
  custom:audio-encoder-webm-vorbis: bf7c407c2cedff20999df2af8eb42d56 -> 
========================================================================
Received Import Request.
  path: Assets/Bala.cs
  artifactKey: Guid(235008f44c146ad4395c92f01e542d6c) Importer(815301076,1909f56bfc062723c751e8b465ee728b)
Start importing Assets/Bala.cs using Guid(235008f44c146ad4395c92f01e542d6c) Importer(815301076,1909f56bfc062723c751e8b465ee728b)  -> (artifact id: '4295fad7e1286b95c1e6118a955a5e75') in 0.169181 seconds 
  Import took 0.195881 seconds .

========================================================================
Received Import Request.
  Time since last request: 2028.986069 seconds.
  path: Assets/TextMesh Pro
  artifactKey: Guid(f54d1bd14bd3ca042bd867b519fee8cc) Importer(815301076,1909f56bfc062723c751e8b465ee728b)
Start importing Assets/TextMesh Pro using Guid(f54d1bd14bd3ca042bd867b519fee8cc) Importer(815301076,1909f56bfc062723c751e8b465ee728b)  -> (artifact id: '16b4cbde9565bf190136f1148817e1ea') in 0.012506 seconds 
  Import took 0.053141 seconds .

========================================================================
Received Import Request.
  Time since last request: 1.733515 seconds.
  path: Assets/TextMesh Pro/Shaders
  artifactKey: Guid(e9f693669af91aa45ad615fc681ed29f) Importer(815301076,1909f56bfc062723c751e8b465ee728b)
Start importing Assets/TextMesh Pro/Shaders using Guid(e9f693669af91aa45ad615fc681ed29f) Importer(815301076,1909f56bfc062723c751e8b465ee728b)  -> (artifact id: '486066d15e4e2d1f404625b357b63227') in 0.011106 seconds 
  Import took 0.031388 seconds .

========================================================================
Received Import Request.
  Time since last request: 9.946621 seconds.
  path: Assets/Scenes/SampleScene.unity
  artifactKey: Guid(9fc0d4010bbf28b4594072e72b8655ab) Importer(815301076,1909f56bfc062723c751e8b465ee728b)
Start importing Assets/Scenes/SampleScene.unity using Guid(9fc0d4010bbf28b4594072e72b8655ab) Importer(815301076,1909f56bfc062723c751e8b465ee728b)  -> (artifact id: 'f733ac3880b8897aeefaa19bb868d9bb') in 0.024355 seconds 
  Import took 0.049909 seconds .

========================================================================
Received Import Request.
  Time since last request: 5.268313 seconds.
  path: Assets/NewAssetsUtilities/Zombie
  artifactKey: Guid(cdd318d1325fe9b41ae8d90efed31956) Importer(815301076,1909f56bfc062723c751e8b465ee728b)
Start importing Assets/NewAssetsUtilities/Zombie using Guid(cdd318d1325fe9b41ae8d90efed31956) Importer(815301076,1909f56bfc062723c751e8b465ee728b)  -> (artifact id: '2790bfdb1d6696a53165160b6246b7d3') in 0.011344 seconds 
  Import took 0.034412 seconds .

========================================================================
Received Import Request.
  Time since last request: 1.630294 seconds.
  path: Assets/NewAssetsUtilities/Zombie/ScenePrefabs.unity
  artifactKey: Guid(51c2b7bc917069942a0ac4a10bcabf01) Importer(815301076,1909f56bfc062723c751e8b465ee728b)
Start importing Assets/NewAssetsUtilities/Zombie/ScenePrefabs.unity using Guid(51c2b7bc917069942a0ac4a10bcabf01) Importer(815301076,1909f56bfc062723c751e8b465ee728b)  -> (artifact id: '58edd779d5340379e55cf2887894ef29') in 0.014336 seconds 
  Import took 0.018332 seconds .

========================================================================
Received Import Request.
  Time since last request: 0.641129 seconds.
  path: Assets/NewAssetsUtilities/Zombie/Textures
  artifactKey: Guid(5ccd003863ea1cb48bb2f7bceda0a26d) Importer(815301076,1909f56bfc062723c751e8b465ee728b)
Start importing Assets/NewAssetsUtilities/Zombie/Textures using Guid(5ccd003863ea1cb48bb2f7bceda0a26d) Importer(815301076,1909f56bfc062723c751e8b465ee728b)  -> (artifact id: '8e50bf580b9894d2e2f9298addb45ad4') in 0.013056 seconds 
  Import took 0.054610 seconds .

========================================================================
Received Import Request.
  Time since last request: 0.311399 seconds.
  path: Assets/NewAssetsUtilities/Zombie/Prefabs
  artifactKey: Guid(62092c25312055548a5b415184883759) Importer(815301076,1909f56bfc062723c751e8b465ee728b)
Start importing Assets/NewAssetsUtilities/Zombie/Prefabs using Guid(62092c25312055548a5b415184883759) Importer(815301076,1909f56bfc062723c751e8b465ee728b)  -> (artifact id: 'bdfcf1c67cb2cf0f1014848701f09c23') in 0.011554 seconds 
  Import took 0.023258 seconds .

========================================================================
Received Import Request.
  Time since last request: 0.387579 seconds.
  path: Assets/NewAssetsUtilities/Zombie/Materials
  artifactKey: Guid(8788e5bbc8e9a6343979255ce0979a0c) Importer(815301076,1909f56bfc062723c751e8b465ee728b)
Start importing Assets/NewAssetsUtilities/Zombie/Materials using Guid(8788e5bbc8e9a6343979255ce0979a0c) Importer(815301076,1909f56bfc062723c751e8b465ee728b)  -> (artifact id: 'd1c4b9013e8b951a7f25d49f238c1d24') in 0.011527 seconds 
  Import took 0.023295 seconds .

========================================================================
Received Import Request.
  Time since last request: 1.052127 seconds.
  path: Assets/NewAssetsUtilities/Zombie/Animations
  artifactKey: Guid(f3eea9b1c7ba62247acf479d69835474) Importer(815301076,1909f56bfc062723c751e8b465ee728b)
Start importing Assets/NewAssetsUtilities/Zombie/Animations using Guid(f3eea9b1c7ba62247acf479d69835474) Importer(815301076,1909f56bfc062723c751e8b465ee728b)  -> (artifact id: '226dbbdee9df47482cffd96077ffafc7') in 0.014426 seconds 
  Import took 0.050622 seconds .

========================================================================
Received Import Request.
  Time since last request: 0.340993 seconds.
  path: Assets/NewAssetsUtilities/Zombie/FBXs
  artifactKey: Guid(fe9153d19be184442b12189f86fc4a85) Importer(815301076,1909f56bfc062723c751e8b465ee728b)
Start importing Assets/NewAssetsUtilities/Zombie/FBXs using Guid(fe9153d19be184442b12189f86fc4a85) Importer(815301076,1909f56bfc062723c751e8b465ee728b)  -> (artifact id: '8167c6833a345ef59fe3caead466dd4c') in 0.013361 seconds 
  Import took 0.033763 seconds .

========================================================================
Received Import Request.
  Time since last request: 691.817118 seconds.
  path: Assets/NewBehaviourScript.cs
  artifactKey: Guid(8da372b620116964ca6f9addaf7c3d31) Importer(815301076,1909f56bfc062723c751e8b465ee728b)
Start importing Assets/NewBehaviourScript.cs using Guid(8da372b620116964ca6f9addaf7c3d31) Importer(815301076,1909f56bfc062723c751e8b465ee728b)  -> (artifact id: 'b0810f963a6257118a391966e7e5b671') in 0.013502 seconds 
  Import took 0.044694 seconds .

========================================================================
Received Import Request.
  Time since last request: 20.664795 seconds.
  path: Assets/Ultima_Clase.cs
  artifactKey: Guid(8da372b620116964ca6f9addaf7c3d31) Importer(815301076,1909f56bfc062723c751e8b465ee728b)
Start importing Assets/Ultima_Clase.cs using Guid(8da372b620116964ca6f9addaf7c3d31) Importer(815301076,1909f56bfc062723c751e8b465ee728b)  -> (artifact id: 'c3edca2df2a624e4d7805fb4729236a2') in 0.036304 seconds 
  Import took 0.097681 seconds .

========================================================================
Received Import Request.
  Time since last request: 1339.963173 seconds.
  path: Assets/Enemy_Controller.cs
  artifactKey: Guid(8da372b620116964ca6f9addaf7c3d31) Importer(815301076,1909f56bfc062723c751e8b465ee728b)
Start importing Assets/Enemy_Controller.cs using Guid(8da372b620116964ca6f9addaf7c3d31) Importer(815301076,1909f56bfc062723c751e8b465ee728b)  -> (artifact id: '3ddbbfce59c3c206104fc42c7acb1690') in 0.018407 seconds 
  Import took 0.052394 seconds .

========================================================================
Received Import Request.
  Time since last request: 685.377736 seconds.
  path: Assets/Enemy_Controller.cs
  artifactKey: Guid(8da372b620116964ca6f9addaf7c3d31) Importer(815301076,1909f56bfc062723c751e8b465ee728b)
Start importing Assets/Enemy_Controller.cs using Guid(8da372b620116964ca6f9addaf7c3d31) Importer(815301076,1909f56bfc062723c751e8b465ee728b)  -> (artifact id: '6a0bcadf8a32dbc718c364a83ad30ede') in 0.010421 seconds 
  Import took 0.015824 seconds .

AssetImportWorkerClient::OnTransportError - code=2 error=End of file
